android/build/intermediates/manifest_merge_blame_file/debug/manifest-merger-blame-debug-report.txt
1<?xml version="1.0" encoding="utf-8"?>
2<manifest xmlns:android="http://schemas.android.com/apk/res/android"
3    package="com.ikamaru.capacitor.hms.push.kit.capacitorhmspushkit" >
4
5    <uses-sdk
6        android:minSdkVersion="21"
6-->src\main\AndroidManifest.xml
7        android:targetSdkVersion="31" />
7-->src\main\AndroidManifest.xml
8
9    <application>
9-->src\main\AndroidManifest.xml:4:5-15:19
10        <service
10-->src\main\AndroidManifest.xml:5:7-11:17
11            android:name="com.ikamaru.capacitor.hms.push.kit.MyPushService"
11-->src\main\AndroidManifest.xml:6:11-74
12            android:exported="false" >
12-->src\main\AndroidManifest.xml:7:11-35
13            <intent-filter>
13-->src\main\AndroidManifest.xml:8:9-10:25
14                <action android:name="com.huawei.push.action.MESSAGING_EVENT" />
14-->src\main\AndroidManifest.xml:9:11-75
14-->src\main\AndroidManifest.xml:9:19-72
15            </intent-filter>
16        </service>
17
18        <meta-data
18-->src\main\AndroidManifest.xml:12:7-14:34
19            android:name="push_kit_auto_init_enabled"
19-->src\main\AndroidManifest.xml:13:11-52
20            android:value="true" />
20-->src\main\AndroidManifest.xml:14:11-31
21    </application>
22
23</manifest>